Base path: C:/Program Files (x86)/Unity/Editor/Data
Pipe name: \\.\pipe\UnityShaderCompiler-2-6864
Cmd: getPlatforms
Cmd: compileSnippet
  api=9 type=0 insize=986 outsize=721 kw= ok=1
Cmd: compileSnippet
  api=9 type=0 insize=1203 outsize=8987 kw= ok=1
Cmd: compileSnippet
  api=9 type=0 insize=1274 outsize=1049 kw= ok=1
Cmd: compileSnippet
  api=5 type=1 insize=1274 outsize=6 kw= ok=1
Cmd: compileSnippet
  api=9 type=1 insize=1260 outsize=7 kw= ok=1
Cmd: compileSnippet
  api=9 type=0 insize=1260 outsize=1339 kw= ok=1
Cmd: compileSnippet
  api=9 type=1 insize=1333 outsize=7 kw= ok=1
Cmd: compileSnippet
  api=9 type=1 insize=942 outsize=7 kw= ok=1
Cmd: compileSnippet
  api=9 type=0 insize=1051 outsize=1052 kw= ok=1
Cmd: compileSnippet
  api=9 type=0 insize=1041 outsize=928 kw= ok=1
Unhandled exception: Readfile from pipe failed. GLE=The pipe has been ended.


Quitting shader compiler process
